e:\sqlserver\图书交易系统\源码\booktradingsystem\recommendationengineassembly\x64\release\recommendationengineassembly.pch
e:\sqlserver\图书交易系统\源码\booktradingsystem\recommendationengineassembly\x64\release\vc143.pdb
e:\sqlserver\图书交易系统\源码\booktradingsystem\recommendationengineassembly\x64\release\pch.obj
e:\sqlserver\图书交易系统\源码\booktradingsystem\recommendationengineassembly\x64\release\recommendationengineassembly.obj
e:\sqlserver\图书交易系统\源码\booktradingsystem\recommendationengineassembly\x64\release\assemblyinfo.obj
e:\sqlserver\图书交易系统\源码\booktradingsystem\recommendationengineassembly\x64\release\.netframework,version=v4.8.assemblyattributes.obj
e:\sqlserver\图书交易系统\源码\booktradingsystem\recommendationengineassembly\x64\release\app.res
e:\sqlserver\图书交易系统\源码\booktradingsystem\x64\release\recommendationengineassembly.pdb
e:\sqlserver\图书交易系统\源码\booktradingsystem\recommendationengineassembly\x64\release\recommen.fb5718a1.tlog\cl.command.1.tlog
e:\sqlserver\图书交易系统\源码\booktradingsystem\recommendationengineassembly\x64\release\recommen.fb5718a1.tlog\cl.items.tlog
e:\sqlserver\图书交易系统\源码\booktradingsystem\recommendationengineassembly\x64\release\recommen.fb5718a1.tlog\cl.read.1.tlog
e:\sqlserver\图书交易系统\源码\booktradingsystem\recommendationengineassembly\x64\release\recommen.fb5718a1.tlog\cl.write.1.tlog
e:\sqlserver\图书交易系统\源码\booktradingsystem\recommendationengineassembly\x64\release\recommen.fb5718a1.tlog\link.30308-cvtres.read.1.tlog
e:\sqlserver\图书交易系统\源码\booktradingsystem\recommendationengineassembly\x64\release\recommen.fb5718a1.tlog\link.30308-cvtres.write.1.tlog
e:\sqlserver\图书交易系统\源码\booktradingsystem\recommendationengineassembly\x64\release\recommen.fb5718a1.tlog\link.30308-rc.read.1.tlog
e:\sqlserver\图书交易系统\源码\booktradingsystem\recommendationengineassembly\x64\release\recommen.fb5718a1.tlog\link.30308-rc.write.1.tlog
e:\sqlserver\图书交易系统\源码\booktradingsystem\recommendationengineassembly\x64\release\recommen.fb5718a1.tlog\link.30308.read.1.tlog
e:\sqlserver\图书交易系统\源码\booktradingsystem\recommendationengineassembly\x64\release\recommen.fb5718a1.tlog\link.30308.read.2.tlog
e:\sqlserver\图书交易系统\源码\booktradingsystem\recommendationengineassembly\x64\release\recommen.fb5718a1.tlog\link.30308.write.1.tlog
e:\sqlserver\图书交易系统\源码\booktradingsystem\recommendationengineassembly\x64\release\recommen.fb5718a1.tlog\link.command.1.tlog
e:\sqlserver\图书交易系统\源码\booktradingsystem\recommendationengineassembly\x64\release\recommen.fb5718a1.tlog\link.read.1.tlog
e:\sqlserver\图书交易系统\源码\booktradingsystem\recommendationengineassembly\x64\release\recommen.fb5718a1.tlog\link.read.2.tlog
e:\sqlserver\图书交易系统\源码\booktradingsystem\recommendationengineassembly\x64\release\recommen.fb5718a1.tlog\link.write.1.tlog
e:\sqlserver\图书交易系统\源码\booktradingsystem\recommendationengineassembly\x64\release\recommen.fb5718a1.tlog\metagen.read.1.tlog
e:\sqlserver\图书交易系统\源码\booktradingsystem\recommendationengineassembly\x64\release\recommen.fb5718a1.tlog\metagen.write.1.tlog
e:\sqlserver\图书交易系统\源码\booktradingsystem\recommendationengineassembly\x64\release\recommen.fb5718a1.tlog\rc.command.1.tlog
e:\sqlserver\图书交易系统\源码\booktradingsystem\recommendationengineassembly\x64\release\recommen.fb5718a1.tlog\rc.read.1.tlog
e:\sqlserver\图书交易系统\源码\booktradingsystem\recommendationengineassembly\x64\release\recommen.fb5718a1.tlog\rc.write.1.tlog
