c:\users\31294\desktop\高程作业\.net体系结构与设计开发\期末项目\netbooktradingsystem\recommendationengineassembly\x64\debug\recommendationengineassembly.pch
c:\users\31294\desktop\高程作业\.net体系结构与设计开发\期末项目\netbooktradingsystem\recommendationengineassembly\x64\debug\vc143.pdb
c:\users\31294\desktop\高程作业\.net体系结构与设计开发\期末项目\netbooktradingsystem\recommendationengineassembly\x64\debug\pch.obj
c:\users\31294\desktop\高程作业\.net体系结构与设计开发\期末项目\netbooktradingsystem\recommendationengineassembly\x64\debug\recommendationengineassembly.obj
c:\users\31294\desktop\高程作业\.net体系结构与设计开发\期末项目\netbooktradingsystem\recommendationengineassembly\x64\debug\assemblyinfo.obj
c:\users\31294\desktop\高程作业\.net体系结构与设计开发\期末项目\netbooktradingsystem\recommendationengineassembly\x64\debug\.netframework,version=v4.8.assemblyattributes.obj
c:\users\31294\desktop\高程作业\.net体系结构与设计开发\期末项目\netbooktradingsystem\x64\debug\recommendationengineassembly.dll
c:\users\31294\desktop\高程作业\.net体系结构与设计开发\期末项目\netbooktradingsystem\x64\debug\recommendationengineassembly.pdb
c:\users\31294\desktop\高程作业\.net体系结构与设计开发\期末项目\netbooktradingsystem\recommendationengineassembly\x64\debug\app.res
c:\users\31294\desktop\高程作业\.net体系结构与设计开发\期末项目\netbooktradingsystem\recommendationengineassembly\x64\debug\recommen.fb5718a1.tlog\cl.command.1.tlog
c:\users\31294\desktop\高程作业\.net体系结构与设计开发\期末项目\netbooktradingsystem\recommendationengineassembly\x64\debug\recommen.fb5718a1.tlog\cl.items.tlog
c:\users\31294\desktop\高程作业\.net体系结构与设计开发\期末项目\netbooktradingsystem\recommendationengineassembly\x64\debug\recommen.fb5718a1.tlog\cl.read.1.tlog
c:\users\31294\desktop\高程作业\.net体系结构与设计开发\期末项目\netbooktradingsystem\recommendationengineassembly\x64\debug\recommen.fb5718a1.tlog\cl.write.1.tlog
c:\users\31294\desktop\高程作业\.net体系结构与设计开发\期末项目\netbooktradingsystem\recommendationengineassembly\x64\debug\recommen.fb5718a1.tlog\link.command.1.tlog
c:\users\31294\desktop\高程作业\.net体系结构与设计开发\期末项目\netbooktradingsystem\recommendationengineassembly\x64\debug\recommen.fb5718a1.tlog\link.read.1.tlog
c:\users\31294\desktop\高程作业\.net体系结构与设计开发\期末项目\netbooktradingsystem\recommendationengineassembly\x64\debug\recommen.fb5718a1.tlog\link.write.1.tlog
c:\users\31294\desktop\高程作业\.net体系结构与设计开发\期末项目\netbooktradingsystem\recommendationengineassembly\x64\debug\recommen.fb5718a1.tlog\metagen.read.1.tlog
c:\users\31294\desktop\高程作业\.net体系结构与设计开发\期末项目\netbooktradingsystem\recommendationengineassembly\x64\debug\recommen.fb5718a1.tlog\metagen.write.1.tlog
c:\users\31294\desktop\高程作业\.net体系结构与设计开发\期末项目\netbooktradingsystem\recommendationengineassembly\x64\debug\recommen.fb5718a1.tlog\rc.command.1.tlog
c:\users\31294\desktop\高程作业\.net体系结构与设计开发\期末项目\netbooktradingsystem\recommendationengineassembly\x64\debug\recommen.fb5718a1.tlog\rc.read.1.tlog
c:\users\31294\desktop\高程作业\.net体系结构与设计开发\期末项目\netbooktradingsystem\recommendationengineassembly\x64\debug\recommen.fb5718a1.tlog\rc.write.1.tlog
